2018-07-26 15:00:14 [::1][-][-][error][yii\base\ErrorException:1] yii\base\ErrorException: Maximum execution time of 30 seconds exceeded in C:\xampp\htdocs\humhub\protected\vendor\yiisoft\yii2\helpers\BaseFileHelper.php:297
Stack trace:
#0 [internal function]: yii\base\ErrorHandler->handleFatalError()
#1 {main}
2018-07-26 14:59:44 [::1][-][-][info][application] $_GET = [
    'r' => 'installer/index'
]

$_SERVER = [
    'MIBDIRS' => 'C:/xampp/php/extras/mibs'
    'MYSQL_HOME' => '\\xampp\\mysql\\bin'
    'OPENSSL_CONF' => 'C:/xampp/apache/bin/openssl.cnf'
    'PHP_PEAR_SYSCONF_DIR' => '\\xampp\\php'
    'PHPRC' => '\\xampp\\php'
    'TMP' => '\\xampp\\tmp'
    'HTTP_HOST' => 'localhost'
    'HTTP_USER_AGENT' => 'Mozilla/5.0 (Windows NT 10.0; Win64; x64; rv:61.0) Gecko/20100101 Firefox/61.0'
    'HTTP_ACCEPT' => 'text/html,application/xhtml+xml,application/xml;q=0.9,*/*;q=0.8'
    'HTTP_ACCEPT_LANGUAGE' => 'en-US,en;q=0.5'
    'HTTP_ACCEPT_ENCODING' => 'gzip, deflate'
    'HTTP_CONNECTION' => 'keep-alive'
    'HTTP_UPGRADE_INSECURE_REQUESTS' => '1'
    'PATH' => 'C:\\ProgramData\\Oracle\\Java\\javapath;C:\\WINDOWS\\system32;C:\\WINDOWS;C:\\WINDOWS\\System32\\Wbem;C:\\WINDOWS\\System32\\WindowsPowerShell\\v1.0\\;C:\\WINDOWS\\System32\\OpenSSH\\;C:\\Program Files\\Git\\cmd;C:\\ProgramData\\chocolatey\\bin;C:\\Program Files\\nodejs\\;C:\\Program Files (x86)\\Windows Kits\\8.1\\Windows Performance Toolkit\\;C:\\Users\\John\\fabric-samples\\bin;;C:\\Program Files\\Git LFS;C:\\Users\\John\\Anaconda3;C:\\Users\\John\\Anaconda3\\Scripts;C:\\Users\\John\\Anaconda3\\Library\\bin;C:\\Users\\John\\AppData\\Local\\Microsoft\\WindowsApps;C:\\Program Files\\Docker Toolbox;C:\\Users\\John\\AppData\\Roaming\\npm;C:\\Users\\John\\curl-7.60.0\\IA64;C:\\Users\\John\\fabric-samples\\bin;C:\\Users\\John\\PSTools;C:\\Users\\John\\.gradle\\wrapper\\dists\\gradle-4.5.1-bin\\a5vbgfvpwtoqz8v2cdivxz28k\\gradle-4.5.1\\bin;D:\\Clients\\Crossover Java Hiring Tournament\\cross-solar-java\\cross-solar-java\\gradle\\bin;'
    'SystemRoot' => 'C:\\WINDOWS'
    'COMSPEC' => 'C:\\WINDOWS\\system32\\cmd.exe'
    'PATHEXT' => '.COM;.EXE;.BAT;.CMD;.VBS;.VBE;.JS;.JSE;.WSF;.WSH;.MSC'
    'WINDIR' => 'C:\\WINDOWS'
    'SERVER_SIGNATURE' => '<address>Apache/2.4.33 (Win32) OpenSSL/1.0.2o PHP/7.0.30 Server at localhost Port 80</address>
'
    'SERVER_SOFTWARE' => 'Apache/2.4.33 (Win32) OpenSSL/1.0.2o PHP/7.0.30'
    'SERVER_NAME' => 'localhost'
    'SERVER_ADDR' => '::1'
    'SERVER_PORT' => '80'
    'REMOTE_ADDR' => '::1'
    'DOCUMENT_ROOT' => 'C:/xampp/htdocs'
    'REQUEST_SCHEME' => 'http'
    'CONTEXT_PREFIX' => ''
    'CONTEXT_DOCUMENT_ROOT' => 'C:/xampp/htdocs'
    'SERVER_ADMIN' => 'postmaster@localhost'
    'SCRIPT_FILENAME' => 'C:/xampp/htdocs/humhub/index.php'
    'REMOTE_PORT' => '61375'
    'GATEWAY_INTERFACE' => 'CGI/1.1'
    'SERVER_PROTOCOL' => 'HTTP/1.1'
    'REQUEST_METHOD' => 'GET'
    'QUERY_STRING' => 'r=installer%2Findex'
    'REQUEST_URI' => '/humhub/index.php?r=installer%2Findex'
    'SCRIPT_NAME' => '/humhub/index.php'
    'PHP_SELF' => '/humhub/index.php'
    'REQUEST_TIME_FLOAT' => 1532609984.021
    'REQUEST_TIME' => 1532609984
]
2018-07-26 15:00:17 [::1][-][-][warning][yii\log\Dispatcher::dispatch] Unable to send log via yii\log\DbTarget: Exception (Database Exception) 'yii\db\Exception' with message 'SQLSTATE[HY000] [1044] Access denied for user ''@'localhost' to database 'humhub'' 

in C:\xampp\htdocs\humhub\protected\vendor\yiisoft\yii2\db\Connection.php:584

Stack trace:
#0 C:\xampp\htdocs\humhub\protected\vendor\yiisoft\yii2\db\Connection.php(928): yii\db\Connection->open()
#1 C:\xampp\htdocs\humhub\protected\vendor\yiisoft\yii2\db\Connection.php(915): yii\db\Connection->getMasterPdo()
#2 C:\xampp\htdocs\humhub\protected\vendor\yiisoft\yii2\db\Schema.php(483): yii\db\Connection->getSlavePdo()
#3 C:\xampp\htdocs\humhub\protected\vendor\yiisoft\yii2\db\Connection.php(824): yii\db\Schema->quoteValue('yii\\base\\ErrorE...')
#4 C:\xampp\htdocs\humhub\protected\vendor\yiisoft\yii2\db\Command.php(175): yii\db\Connection->quoteValue('yii\\base\\ErrorE...')
#5 C:\xampp\htdocs\humhub\protected\vendor\yiisoft\yii2\db\Command.php(866): yii\db\Command->getRawSql()
#6 C:\xampp\htdocs\humhub\protected\vendor\yiisoft\yii2\db\Command.php(831): yii\db\Command->logQuery('yii\\db\\Command:...')
#7 C:\xampp\htdocs\humhub\protected\vendor\yiisoft\yii2\log\DbTarget.php(89): yii\db\Command->execute()
#8 C:\xampp\htdocs\humhub\protected\vendor\yiisoft\yii2\log\Target.php(124): yii\log\DbTarget->export()
#9 C:\xampp\htdocs\humhub\protected\vendor\yiisoft\yii2\log\Dispatcher.php(188): yii\log\Target->collect(Array, true)
#10 C:\xampp\htdocs\humhub\protected\vendor\yiisoft\yii2\log\Logger.php(177): yii\log\Dispatcher->dispatch(Array, true)
#11 C:\xampp\htdocs\humhub\protected\vendor\yiisoft\yii2\base\ErrorHandler.php(262): yii\log\Logger->flush(true)
#12 [internal function]: yii\base\ErrorHandler->handleFatalError()
#13 {main}
2018-07-26 14:59:44 [::1][-][-][info][application] $_GET = [
    'r' => 'installer/index'
]

$_SERVER = [
    'MIBDIRS' => 'C:/xampp/php/extras/mibs'
    'MYSQL_HOME' => '\\xampp\\mysql\\bin'
    'OPENSSL_CONF' => 'C:/xampp/apache/bin/openssl.cnf'
    'PHP_PEAR_SYSCONF_DIR' => '\\xampp\\php'
    'PHPRC' => '\\xampp\\php'
    'TMP' => '\\xampp\\tmp'
    'HTTP_HOST' => 'localhost'
    'HTTP_USER_AGENT' => 'Mozilla/5.0 (Windows NT 10.0; Win64; x64; rv:61.0) Gecko/20100101 Firefox/61.0'
    'HTTP_ACCEPT' => 'text/html,application/xhtml+xml,application/xml;q=0.9,*/*;q=0.8'
    'HTTP_ACCEPT_LANGUAGE' => 'en-US,en;q=0.5'
    'HTTP_ACCEPT_ENCODING' => 'gzip, deflate'
    'HTTP_CONNECTION' => 'keep-alive'
    'HTTP_UPGRADE_INSECURE_REQUESTS' => '1'
    'PATH' => 'C:\\ProgramData\\Oracle\\Java\\javapath;C:\\WINDOWS\\system32;C:\\WINDOWS;C:\\WINDOWS\\System32\\Wbem;C:\\WINDOWS\\System32\\WindowsPowerShell\\v1.0\\;C:\\WINDOWS\\System32\\OpenSSH\\;C:\\Program Files\\Git\\cmd;C:\\ProgramData\\chocolatey\\bin;C:\\Program Files\\nodejs\\;C:\\Program Files (x86)\\Windows Kits\\8.1\\Windows Performance Toolkit\\;C:\\Users\\John\\fabric-samples\\bin;;C:\\Program Files\\Git LFS;C:\\Users\\John\\Anaconda3;C:\\Users\\John\\Anaconda3\\Scripts;C:\\Users\\John\\Anaconda3\\Library\\bin;C:\\Users\\John\\AppData\\Local\\Microsoft\\WindowsApps;C:\\Program Files\\Docker Toolbox;C:\\Users\\John\\AppData\\Roaming\\npm;C:\\Users\\John\\curl-7.60.0\\IA64;C:\\Users\\John\\fabric-samples\\bin;C:\\Users\\John\\PSTools;C:\\Users\\John\\.gradle\\wrapper\\dists\\gradle-4.5.1-bin\\a5vbgfvpwtoqz8v2cdivxz28k\\gradle-4.5.1\\bin;D:\\Clients\\Crossover Java Hiring Tournament\\cross-solar-java\\cross-solar-java\\gradle\\bin;'
    'SystemRoot' => 'C:\\WINDOWS'
    'COMSPEC' => 'C:\\WINDOWS\\system32\\cmd.exe'
    'PATHEXT' => '.COM;.EXE;.BAT;.CMD;.VBS;.VBE;.JS;.JSE;.WSF;.WSH;.MSC'
    'WINDIR' => 'C:\\WINDOWS'
    'SERVER_SIGNATURE' => '<address>Apache/2.4.33 (Win32) OpenSSL/1.0.2o PHP/7.0.30 Server at localhost Port 80</address>
'
    'SERVER_SOFTWARE' => 'Apache/2.4.33 (Win32) OpenSSL/1.0.2o PHP/7.0.30'
    'SERVER_NAME' => 'localhost'
    'SERVER_ADDR' => '::1'
    'SERVER_PORT' => '80'
    'REMOTE_ADDR' => '::1'
    'DOCUMENT_ROOT' => 'C:/xampp/htdocs'
    'REQUEST_SCHEME' => 'http'
    'CONTEXT_PREFIX' => ''
    'CONTEXT_DOCUMENT_ROOT' => 'C:/xampp/htdocs'
    'SERVER_ADMIN' => 'postmaster@localhost'
    'SCRIPT_FILENAME' => 'C:/xampp/htdocs/humhub/index.php'
    'REMOTE_PORT' => '61375'
    'GATEWAY_INTERFACE' => 'CGI/1.1'
    'SERVER_PROTOCOL' => 'HTTP/1.1'
    'REQUEST_METHOD' => 'GET'
    'QUERY_STRING' => 'r=installer%2Findex'
    'REQUEST_URI' => '/humhub/index.php?r=installer%2Findex'
    'SCRIPT_NAME' => '/humhub/index.php'
    'PHP_SELF' => '/humhub/index.php'
    'REQUEST_TIME_FLOAT' => 1532609984.021
    'REQUEST_TIME' => 1532609984
]
